<?xml version="1.0" encoding="UTF-8"?>
<!-- Generated by org.testng.reporters.JUnitReportReporter -->
<testsuite hostname="01LTP0053" name="com.ServiceNow.TestCases.ServiceNowLogin" tests="1" failures="0" timestamp="8 Jan 2017 16:39:41 GMT" time="221.106" errors="0">
  <testcase name="TC_003_UpdateIncident" time="221.106" classname="com.ServiceNow.TestCases.ServiceNowLogin"/>
</testsuite> <!-- com.ServiceNow.TestCases.ServiceNowLogin -->
